[01m[K/home/sonieth/ros/depth_template/src/realsense_gazebo_plugin/src/gazebo_ros_realsense.cpp:[m[K In member function â€˜[01m[Kvirtual void gazebo::GazeboRosRealsense::OnNewFrame(gazebo::rendering::CameraPtr, gazebo::transport::PublisherPtr)[m[Kâ€™:
[01m[K/home/sonieth/ros/depth_template/src/realsense_gazebo_plugin/src/gazebo_ros_realsense.cpp:91:40:[m[K [01;31m[Kerror: [m[Kexpected unqualified-id before â€˜[01m[K/[m[Kâ€™ token
   91 |             cam->ImageWidth(), cam->   [01;31m[K/[m[Kcamera/color/image_raw \
      |                                        [01;31m[K^[m[K
[01m[K/home/sonieth/ros/depth_template/src/realsense_gazebo_plugin/src/gazebo_ros_realsense.cpp:91:41:[m[K [01;31m[Kerror: [m[Kâ€˜[01m[Kcamera[m[Kâ€™ was not declared in this scope
   91 |             cam->ImageWidth(), cam->   /[01;31m[Kcamera[m[K/color/image_raw \
      |                                         [01;31m[K^~~~~~[m[K
[01m[K/home/sonieth/ros/depth_template/src/realsense_gazebo_plugin/src/gazebo_ros_realsense.cpp:91:48:[m[K [01;31m[Kerror: [m[Kâ€˜[01m[Kcolor[m[Kâ€™ was not declared in this scope
   91 |             cam->ImageWidth(), cam->   /camera/[01;31m[Kcolor[m[K/image_raw \
      |                                                [01;31m[K^~~~~[m[K
[01m[K/home/sonieth/ros/depth_template/src/realsense_gazebo_plugin/src/gazebo_ros_realsense.cpp:91:54:[m[K [01;31m[Kerror: [m[Kâ€˜[01m[Kimage_raw[m[Kâ€™ was not declared in this scope; did you mean â€˜[01m[Kimage_pub[m[Kâ€™?
   91 |             cam->ImageWidth(), cam->   /camera/color/[01;31m[Kimage_raw[m[K \
      |                                                      [01;31m[K^~~~~~~~~[m[K
      |                                                      [32m[Kimage_pub[m[K
[01m[K/home/sonieth/ros/depth_template/src/realsense_gazebo_plugin/src/gazebo_ros_realsense.cpp:92:12:[m[K [01;31m[Kerror: [m[Kâ€˜[01m[Kdepth[m[Kâ€™ was not declared in this scope; did you mean â€˜[01m[KdepthCam[m[Kâ€™?
   92 |    /camera/[01;31m[Kdepth[m[K/image_raw \
      |            [01;31m[K^~~~~[m[K
      |            [32m[KdepthCam[m[K
[01m[K/home/sonieth/ros/depth_template/src/realsense_gazebo_plugin/src/gazebo_ros_realsense.cpp:93:18:[m[K [01;31m[Kerror: [m[Kâ€˜[01m[Kcamera_info[m[Kâ€™ was not declared in this scope; did you mean â€˜[01m[Kcamera_id[m[Kâ€™?
   93 |    /camera/depth/[01;31m[Kcamera_info[m[K
      |                  [01;31m[K^~~~~~~~~~~[m[K
      |                  [32m[Kcamera_id[m[K
make[2]: *** [CMakeFiles/realsense_gazebo_plugin.dir/build.make:76: CMakeFiles/realsense_gazebo_plugin.dir/src/gazebo_ros_realsense.cpp.o] Error 1
make[2]: *** Waiting for unfinished jobs....
make[1]: *** [CMakeFiles/Makefile2:273: CMakeFiles/realsense_gazebo_plugin.dir/all] Error 2
make: *** [Makefile:141: all] Error 2
